<?xml version="1.0" encoding="UTF-8"?><testsuite errors="0" failures="1" name="Se agregaran productos al carrito" skipped="0" tests="1" time="73.27" timestamp="2021-07-17 12:47:33"><testcase name="Agregar productos al Carrito y comparar el precio"><failure message="Expected enabled element was not enabled" type="net.thucydides.core.webdriver.exceptions.ElementShouldBeEnabledException">Expected enabled element was not enabled</failure><system-err>Expected enabled element was not enabled
tasks.DeleteProduct.performAs(DeleteProduct.java:18)
StepDefinitions.ShoopingCartStepDef.comparoElPrecioDeLaSumaDeLosCursosSeleccionados(ShoopingCartStepDef.java:46)
cucumber.runner.Runner.runPickle(Runner.java:80)
</system-err></testcase></testsuite>